2023-10-29 23:57:29,070 [INFO] Activator:177 - 


2023-10-29 23:57:29,071 [INFO] Activator:178 - !SESSION log4j initialized
2023-10-29 23:57:31,938 [INFO] McuFinderGlobals:39 - Set McuFinder mode to 2 (CubeIDE integrated)
2023-10-29 23:57:33,272 [INFO] ApplicationProperties:181 - Using Application install path: C:\ST\STM32CubeIDE_1.7.0\STM32CubeIDE\plugins\com.st.stm32cube.common.mx_6.3.0.202107141111
2023-10-29 23:57:33,341 [INFO] DbMcusXml:74 - Set database path to: C:\ST\STM32CubeIDE_1.7.0\STM32CubeIDE\plugins\com.st.stm32cube.common.mx_6.3.0.202107141111\\db\/mcu/
2023-10-29 23:57:33,348 [INFO] DbBoardsPdsc:56 - Set plugin database path to: C:\ST\STM32CubeIDE_1.7.0\STM32CubeIDE\plugins\com.st.stm32cube.common.mx_6.3.0.202107141111\\db\/plugins/boardmanager/
2023-10-29 23:57:33,348 [INFO] DbMcus:258 - Set plugin images path to: C:\ST\STM32CubeIDE_1.7.0\STM32CubeIDE\plugins\com.st.stm32cube.common.mx_6.3.0.202107141111\\db\/plugins/mcufinder/images/
2023-10-29 23:57:33,348 [INFO] DbBoards:264 - Set plugin images path to: C:\ST\STM32CubeIDE_1.7.0\STM32CubeIDE\plugins\com.st.stm32cube.common.mx_6.3.0.202107141111\\db\/plugins/mcufinder/images/
2023-10-29 23:57:33,352 [INFO] DbExamples:333 - Set plugin images path to: C:\ST\STM32CubeIDE_1.7.0\STM32CubeIDE\plugins\com.st.stm32cube.common.mx_6.3.0.202107141111\\db\/plugins/mcufinder/images/
2023-10-29 23:57:33,352 [INFO] DbMcusAds:119 - Set database path to: C:\Users\DELL\.stmcufinder\plugins\mcufinder//mcu/
2023-10-29 23:57:33,352 [INFO] DbMcusDocs:110 - Set database path to: C:\Users\DELL\.stmcufinder\plugins\mcufinder//mcu/
2023-10-29 23:57:33,352 [INFO] DbMcusJson:64 - Set database path to: C:\Users\DELL\.stmcufinder\plugins\mcufinder//mcu/
2023-10-29 23:57:33,362 [INFO] DbBoardsDocs:110 - Set database path to: C:\Users\DELL\.stmcufinder\plugins\mcufinder//mcu/
2023-10-29 23:57:33,362 [INFO] DbBoardsJson:57 - Set database path to: C:\Users\DELL\.stmcufinder\plugins\mcufinder//mcu/
2023-10-29 23:57:33,364 [INFO] CrossReferenceDbSqlite:196 - Set database path to: C:\Users\DELL\.stmcufinder\plugins\mcufinder//mcu/cs/
2023-10-29 23:57:33,364 [INFO] DbExamplesSqlite:767 - Set database path to: C:\Users\DELL\.stmcufinder\plugins\mcufinder//mcu/
2023-10-29 23:57:33,452 [INFO] RulesReader:57 - Compatibility file has been processed (242 Rules)
2023-10-29 23:57:33,561 [INFO] DbMcusXml:74 - Set database path to: C:\ST\STM32CubeIDE_1.7.0\STM32CubeIDE\plugins\com.st.stm32cube.common.mx_6.3.0.202107141111\\db\/mcu/
2023-10-29 23:57:33,561 [INFO] DbBoardsPdsc:56 - Set plugin database path to: C:\ST\STM32CubeIDE_1.7.0\STM32CubeIDE\plugins\com.st.stm32cube.common.mx_6.3.0.202107141111\\db\/plugins/boardmanager/
2023-10-29 23:57:33,561 [INFO] DbMcus:258 - Set plugin images path to: C:\ST\STM32CubeIDE_1.7.0\STM32CubeIDE\plugins\com.st.stm32cube.common.mx_6.3.0.202107141111\\db\/plugins/mcufinder/images/
2023-10-29 23:57:33,561 [INFO] DbBoards:264 - Set plugin images path to: C:\ST\STM32CubeIDE_1.7.0\STM32CubeIDE\plugins\com.st.stm32cube.common.mx_6.3.0.202107141111\\db\/plugins/mcufinder/images/
2023-10-29 23:57:33,561 [INFO] DbExamples:333 - Set plugin images path to: C:\ST\STM32CubeIDE_1.7.0\STM32CubeIDE\plugins\com.st.stm32cube.common.mx_6.3.0.202107141111\\db\/plugins/mcufinder/images/
2023-10-29 23:57:33,561 [WARN] DbFile:35 - Overriding database path with different value: C:\Users\DELL\.stmcufinder\plugins\mcufinder/ => C:\Users\DELL\.stmcufinder\plugins\mcufinder
2023-10-29 23:57:33,561 [INFO] DbMcusAds:119 - Set database path to: C:\Users\DELL\.stmcufinder\plugins\mcufinder//mcu/
2023-10-29 23:57:33,561 [WARN] DbFile:35 - Overriding database path with different value: C:\Users\DELL\.stmcufinder\plugins\mcufinder/ => C:\Users\DELL\.stmcufinder\plugins\mcufinder
2023-10-29 23:57:33,561 [INFO] DbMcusDocs:110 - Set database path to: C:\Users\DELL\.stmcufinder\plugins\mcufinder//mcu/
2023-10-29 23:57:33,561 [WARN] DbFile:35 - Overriding database path with different value: C:\Users\DELL\.stmcufinder\plugins\mcufinder/ => C:\Users\DELL\.stmcufinder\plugins\mcufinder
2023-10-29 23:57:33,561 [INFO] DbMcusJson:64 - Set database path to: C:\Users\DELL\.stmcufinder\plugins\mcufinder//mcu/
2023-10-29 23:57:33,561 [WARN] DbFile:35 - Overriding database path with different value: C:\Users\DELL\.stmcufinder\plugins\mcufinder/ => C:\Users\DELL\.stmcufinder\plugins\mcufinder
2023-10-29 23:57:33,561 [INFO] DbBoardsDocs:110 - Set database path to: C:\Users\DELL\.stmcufinder\plugins\mcufinder//mcu/
2023-10-29 23:57:33,561 [WARN] DbFile:35 - Overriding database path with different value: C:\Users\DELL\.stmcufinder\plugins\mcufinder/ => C:\Users\DELL\.stmcufinder\plugins\mcufinder
2023-10-29 23:57:33,561 [INFO] DbBoardsJson:57 - Set database path to: C:\Users\DELL\.stmcufinder\plugins\mcufinder//mcu/
2023-10-29 23:57:33,561 [WARN] DbFile:35 - Overriding database path with different value: C:\Users\DELL\.stmcufinder\plugins\mcufinder/ => C:\Users\DELL\.stmcufinder\plugins\mcufinder
2023-10-29 23:57:33,561 [WARN] DbFile:35 - Overriding database path with different value: C:\Users\DELL\.stmcufinder\plugins\mcufinder/ => C:\Users\DELL\.stmcufinder\plugins\mcufinder
2023-10-29 23:57:33,561 [INFO] CrossReferenceDbSqlite:196 - Set database path to: C:\Users\DELL\.stmcufinder\plugins\mcufinder//mcu/cs/
2023-10-29 23:57:33,561 [WARN] DbFile:35 - Overriding database path with different value: C:\Users\DELL\.stmcufinder\plugins\mcufinder/ => C:\Users\DELL\.stmcufinder\plugins\mcufinder
2023-10-29 23:57:33,561 [INFO] DbExamplesSqlite:767 - Set database path to: C:\Users\DELL\.stmcufinder\plugins\mcufinder//mcu/
2023-10-29 23:57:33,635 [INFO] MainPanel:214 - HeapMemory: 268435456
2023-10-29 23:57:33,721 [INFO] DbMcusXml:74 - Set database path to: C:\ST\STM32CubeIDE_1.7.0\STM32CubeIDE\plugins\com.st.stm32cube.common.mx_6.3.0.202107141111\\db\/mcu/
2023-10-29 23:57:33,721 [INFO] DbBoardsPdsc:56 - Set plugin database path to: C:\ST\STM32CubeIDE_1.7.0\STM32CubeIDE\plugins\com.st.stm32cube.common.mx_6.3.0.202107141111\\db\/plugins/boardmanager/
2023-10-29 23:57:33,721 [INFO] DbMcus:258 - Set plugin images path to: C:\ST\STM32CubeIDE_1.7.0\STM32CubeIDE\plugins\com.st.stm32cube.common.mx_6.3.0.202107141111\\db\/plugins/mcufinder/images/
2023-10-29 23:57:33,721 [INFO] DbBoards:264 - Set plugin images path to: C:\ST\STM32CubeIDE_1.7.0\STM32CubeIDE\plugins\com.st.stm32cube.common.mx_6.3.0.202107141111\\db\/plugins/mcufinder/images/
2023-10-29 23:57:33,721 [INFO] DbExamples:333 - Set plugin images path to: C:\ST\STM32CubeIDE_1.7.0\STM32CubeIDE\plugins\com.st.stm32cube.common.mx_6.3.0.202107141111\\db\/plugins/mcufinder/images/
2023-10-29 23:57:33,721 [WARN] DbFile:35 - Overriding database path with different value: C:\Users\DELL\.stmcufinder\plugins\mcufinder/ => C:\Users\DELL\.stmcufinder\plugins\mcufinder
2023-10-29 23:57:33,721 [INFO] DbMcusAds:119 - Set database path to: C:\Users\DELL\.stmcufinder\plugins\mcufinder//mcu/
2023-10-29 23:57:33,721 [WARN] DbFile:35 - Overriding database path with different value: C:\Users\DELL\.stmcufinder\plugins\mcufinder/ => C:\Users\DELL\.stmcufinder\plugins\mcufinder
2023-10-29 23:57:33,721 [INFO] DbMcusDocs:110 - Set database path to: C:\Users\DELL\.stmcufinder\plugins\mcufinder//mcu/
2023-10-29 23:57:33,721 [WARN] DbFile:35 - Overriding database path with different value: C:\Users\DELL\.stmcufinder\plugins\mcufinder/ => C:\Users\DELL\.stmcufinder\plugins\mcufinder
2023-10-29 23:57:33,721 [INFO] DbMcusJson:64 - Set database path to: C:\Users\DELL\.stmcufinder\plugins\mcufinder//mcu/
2023-10-29 23:57:33,721 [WARN] DbFile:35 - Overriding database path with different value: C:\Users\DELL\.stmcufinder\plugins\mcufinder/ => C:\Users\DELL\.stmcufinder\plugins\mcufinder
2023-10-29 23:57:33,721 [INFO] DbBoardsDocs:110 - Set database path to: C:\Users\DELL\.stmcufinder\plugins\mcufinder//mcu/
2023-10-29 23:57:33,721 [WARN] DbFile:35 - Overriding database path with different value: C:\Users\DELL\.stmcufinder\plugins\mcufinder/ => C:\Users\DELL\.stmcufinder\plugins\mcufinder
2023-10-29 23:57:33,721 [INFO] DbBoardsJson:57 - Set database path to: C:\Users\DELL\.stmcufinder\plugins\mcufinder//mcu/
2023-10-29 23:57:33,721 [WARN] DbFile:35 - Overriding database path with different value: C:\Users\DELL\.stmcufinder\plugins\mcufinder/ => C:\Users\DELL\.stmcufinder\plugins\mcufinder
2023-10-29 23:57:33,721 [WARN] DbFile:35 - Overriding database path with different value: C:\Users\DELL\.stmcufinder\plugins\mcufinder/ => C:\Users\DELL\.stmcufinder\plugins\mcufinder
2023-10-29 23:57:33,721 [INFO] CrossReferenceDbSqlite:196 - Set database path to: C:\Users\DELL\.stmcufinder\plugins\mcufinder//mcu/cs/
2023-10-29 23:57:33,721 [WARN] DbFile:35 - Overriding database path with different value: C:\Users\DELL\.stmcufinder\plugins\mcufinder/ => C:\Users\DELL\.stmcufinder\plugins\mcufinder
2023-10-29 23:57:33,721 [INFO] DbExamplesSqlite:767 - Set database path to: C:\Users\DELL\.stmcufinder\plugins\mcufinder//mcu/
2023-10-29 23:57:33,752 [INFO] ApplicationProperties:181 - Using Application install path: C:\ST\STM32CubeIDE_1.7.0\STM32CubeIDE\plugins\com.st.stm32cube.common.mx_6.3.0.202107141111
2023-10-29 23:57:33,752 [INFO] PluginManage:188 - Search for loadable plugins [exclusion list=, ]
2023-10-29 23:57:33,752 [INFO] PluginManage:302 - Check plugin analytics
2023-10-29 23:57:33,882 [INFO] AnalyticsPlugin:257 - Accepted Software Licenses: 
2023-10-29 23:57:33,882 [INFO] AnalyticsPlugin:259 - Accepted CMSIS Pack Licenses: 
2023-10-29 23:57:33,882 [INFO] AnalyticsPlugin:261 - Accepted Firmware Licenses: 
2023-10-29 23:57:33,882 [INFO] PluginManage:352 - Loaded plugin analytics (category:tool,tabindex:-1)
2023-10-29 23:57:33,882 [INFO] PluginManage:302 - Check plugin clock
2023-10-29 23:57:33,892 [INFO] PluginManage:352 - Loaded plugin clock (category:base,tabindex:2)
2023-10-29 23:57:33,892 [INFO] PluginManage:302 - Check plugin ddr
2023-10-29 23:57:33,892 [INFO] PluginManage:352 - Loaded plugin ddr (category:tool,tabindex:6)
2023-10-29 23:57:33,892 [INFO] PluginManage:302 - Check plugin filemanager
2023-10-29 23:57:34,021 [INFO] PluginManage:352 - Loaded plugin filemanager (category:base,tabindex:10)
2023-10-29 23:57:34,021 [INFO] PluginManage:302 - Check plugin ipmanager
2023-10-29 23:57:34,031 [INFO] PluginManage:352 - Loaded plugin ipmanager (category:base,tabindex:5)
2023-10-29 23:57:34,031 [INFO] PluginManage:302 - Check plugin pinoutandconfiguration
2023-10-29 23:57:34,031 [INFO] PluginManage:352 - Loaded plugin pinoutandconfiguration (category:base,tabindex:1)
2023-10-29 23:57:34,031 [INFO] PluginManage:302 - Check plugin pinoutconfig
2023-10-29 23:57:34,063 [INFO] PluginManage:352 - Loaded plugin pinoutconfig (category:base,tabindex:0)
2023-10-29 23:57:34,063 [INFO] PluginManage:302 - Check plugin power
2023-10-29 23:57:34,071 [INFO] PluginManage:352 - Loaded plugin power (category:power,tabindex:4)
2023-10-29 23:57:34,071 [INFO] PluginManage:302 - Check plugin projectmanager
2023-10-29 23:57:34,095 [INFO] PluginManage:352 - Loaded plugin projectmanager (category:projectmanager,tabindex:3)
2023-10-29 23:57:34,095 [INFO] PluginManage:302 - Check plugin thirdparty
2023-10-29 23:57:34,226 [WARN] IntegrityCheckThread:78 - waiting for thirdparty lock release [integrity check]
2023-10-29 23:57:34,226 [INFO] PluginManage:352 - Loaded plugin thirdparty (category:base,tabindex:-1)
2023-10-29 23:57:34,226 [INFO] IntegrityCheckThread:80 - entering critical section [integrity check]
2023-10-29 23:57:34,226 [INFO] PluginManage:302 - Check plugin tools
2023-10-29 23:57:34,226 [INFO] ThirdPartyUpdaterWithRetryManager:66 - Updater plugin not ready yet. [1/15]
2023-10-29 23:57:34,226 [INFO] PluginManage:352 - Loaded plugin tools (category:base,tabindex:7)
2023-10-29 23:57:34,226 [INFO] PluginManage:302 - Check plugin tutovideos
2023-10-29 23:57:34,445 [INFO] PluginManage:352 - Loaded plugin tutovideos (category:base,tabindex:-1)
2023-10-29 23:57:34,445 [INFO] PluginManage:302 - Check plugin updater
2023-10-29 23:57:34,461 [INFO] PluginManage:352 - Loaded plugin updater (category:base,tabindex:12)
2023-10-29 23:57:34,461 [INFO] PluginManage:275 - PluginManage : Loaded plugins [13]
2023-10-29 23:57:34,632 [INFO] PinOutPanel:1463 - setPackage(No Configuration,No Configuration)
2023-10-29 23:57:34,721 [INFO] IPUIPlugin:74 - create IPUIPlugin
2023-10-29 23:57:34,721 [INFO] PluginManager:213 - loadIPPluginJar : add adc
2023-10-29 23:57:34,721 [INFO] IPUIPlugin:74 - create IPUIPlugin
2023-10-29 23:57:34,721 [INFO] PluginManager:213 - loadIPPluginJar : add aes
2023-10-29 23:57:34,732 [INFO] IPUIPlugin:74 - create IPUIPlugin
2023-10-29 23:57:34,732 [INFO] PluginManager:213 - loadIPPluginJar : add can
2023-10-29 23:57:34,732 [INFO] IPUIPlugin:74 - create IPUIPlugin
2023-10-29 23:57:34,732 [INFO] PluginManager:213 - loadIPPluginJar : add comp
2023-10-29 23:57:34,732 [INFO] IPUIPlugin:74 - create IPUIPlugin
2023-10-29 23:57:34,732 [INFO] PluginManager:213 - loadIPPluginJar : add cryp
2023-10-29 23:57:34,732 [INFO] IPUIPlugin:74 - create IPUIPlugin
2023-10-29 23:57:34,732 [INFO] PluginManager:213 - loadIPPluginJar : add dfsdm
2023-10-29 23:57:34,741 [INFO] IPUIPlugin:74 - create IPUIPlugin
2023-10-29 23:57:34,741 [INFO] PluginManager:213 - loadIPPluginJar : add dma
2023-10-29 23:57:34,741 [INFO] IPUIPlugin:74 - create IPUIPlugin
2023-10-29 23:57:34,741 [INFO] PluginManager:213 - loadIPPluginJar : add dma3
2023-10-29 23:57:34,741 [INFO] IPUIPlugin:74 - create IPUIPlugin
2023-10-29 23:57:34,741 [INFO] PluginManager:213 - loadIPPluginJar : add fatfs
2023-10-29 23:57:34,748 [INFO] IPUIPlugin:74 - create IPUIPlugin
2023-10-29 23:57:34,748 [INFO] PluginManager:213 - loadIPPluginJar : add fmc
2023-10-29 23:57:34,751 [INFO] IPUIPlugin:74 - create IPUIPlugin
2023-10-29 23:57:34,751 [INFO] PluginManager:213 - loadIPPluginJar : add freertos
2023-10-29 23:57:34,751 [INFO] IPUIPlugin:74 - create IPUIPlugin
2023-10-29 23:57:34,751 [INFO] PluginManager:213 - loadIPPluginJar : add genericplugin
2023-10-29 23:57:34,751 [INFO] IPUIPlugin:74 - create IPUIPlugin
2023-10-29 23:57:34,751 [INFO] PluginManager:213 - loadIPPluginJar : add gfxmmu
2023-10-29 23:57:34,762 [INFO] IPUIPlugin:74 - create IPUIPlugin
2023-10-29 23:57:34,762 [INFO] PluginManager:213 - loadIPPluginJar : add gic
2023-10-29 23:57:34,764 [INFO] IPUIPlugin:74 - create IPUIPlugin
2023-10-29 23:57:34,764 [INFO] PluginManager:213 - loadIPPluginJar : add gpio
2023-10-29 23:57:34,764 [INFO] IPUIPlugin:74 - create IPUIPlugin
2023-10-29 23:57:34,764 [INFO] PluginManager:213 - loadIPPluginJar : add gtzc
2023-10-29 23:57:34,764 [INFO] IPUIPlugin:74 - create IPUIPlugin
2023-10-29 23:57:34,764 [INFO] PluginManager:213 - loadIPPluginJar : add hash
2023-10-29 23:57:34,772 [INFO] IPUIPlugin:74 - create IPUIPlugin
2023-10-29 23:57:34,772 [INFO] PluginManager:213 - loadIPPluginJar : add i2c
2023-10-29 23:57:34,772 [INFO] IPUIPlugin:74 - create IPUIPlugin
2023-10-29 23:57:34,772 [INFO] PluginManager:213 - loadIPPluginJar : add i2s
2023-10-29 23:57:34,781 [INFO] IPUIPlugin:74 - create IPUIPlugin
2023-10-29 23:57:34,781 [INFO] PluginManager:213 - loadIPPluginJar : add ipddr
2023-10-29 23:57:34,786 [INFO] IPUIPlugin:74 - create IPUIPlugin
2023-10-29 23:57:34,786 [INFO] PluginManager:213 - loadIPPluginJar : add linkedlist
2023-10-29 23:57:34,792 [INFO] IPUIPlugin:74 - create IPUIPlugin
2023-10-29 23:57:34,792 [INFO] PluginManager:213 - loadIPPluginJar : add lorawan
2023-10-29 23:57:34,792 [INFO] IPUIPlugin:74 - create IPUIPlugin
2023-10-29 23:57:34,792 [INFO] PluginManager:213 - loadIPPluginJar : add ltdc
2023-10-29 23:57:34,796 [INFO] IPUIPlugin:74 - create IPUIPlugin
2023-10-29 23:57:34,796 [INFO] PluginManager:213 - loadIPPluginJar : add mdma
2023-10-29 23:57:34,796 [INFO] IPUIPlugin:74 - create IPUIPlugin
2023-10-29 23:57:34,796 [INFO] PluginManager:213 - loadIPPluginJar : add nvic
2023-10-29 23:57:34,801 [INFO] IPUIPlugin:74 - create IPUIPlugin
2023-10-29 23:57:34,801 [INFO] PluginManager:213 - loadIPPluginJar : add opamp
2023-10-29 23:57:34,801 [INFO] IPUIPlugin:74 - create IPUIPlugin
2023-10-29 23:57:34,801 [INFO] PluginManager:213 - loadIPPluginJar : add openamp
2023-10-29 23:57:34,801 [INFO] IPUIPlugin:74 - create IPUIPlugin
2023-10-29 23:57:34,801 [INFO] PluginManager:213 - loadIPPluginJar : add pdm2pcm
2023-10-29 23:57:34,811 [INFO] IPUIPlugin:74 - create IPUIPlugin
2023-10-29 23:57:34,811 [INFO] PluginManager:213 - loadIPPluginJar : add plateformsettings
2023-10-29 23:57:34,816 [INFO] IPUIPlugin:74 - create IPUIPlugin
2023-10-29 23:57:34,816 [INFO] PluginManager:213 - loadIPPluginJar : add quadspi
2023-10-29 23:57:34,816 [INFO] IPUIPlugin:74 - create IPUIPlugin
2023-10-29 23:57:34,816 [INFO] PluginManager:213 - loadIPPluginJar : add resmgrutility
2023-10-29 23:57:34,816 [INFO] IPUIPlugin:74 - create IPUIPlugin
2023-10-29 23:57:34,821 [INFO] PluginManager:213 - loadIPPluginJar : add sai
2023-10-29 23:57:34,821 [INFO] IPUIPlugin:74 - create IPUIPlugin
2023-10-29 23:57:34,821 [INFO] PluginManager:213 - loadIPPluginJar : add spi
2023-10-29 23:57:34,821 [INFO] IPUIPlugin:74 - create IPUIPlugin
2023-10-29 23:57:34,821 [INFO] PluginManager:213 - loadIPPluginJar : add stm32_wpan
2023-10-29 23:57:34,826 [INFO] IPUIPlugin:74 - create IPUIPlugin
2023-10-29 23:57:34,826 [INFO] PluginManager:213 - loadIPPluginJar : add tim
2023-10-29 23:57:34,826 [INFO] IPUIPlugin:74 - create IPUIPlugin
2023-10-29 23:57:34,826 [INFO] PluginManager:213 - loadIPPluginJar : add touchsensing
2023-10-29 23:57:34,826 [INFO] IPUIPlugin:74 - create IPUIPlugin
2023-10-29 23:57:34,826 [INFO] PluginManager:213 - loadIPPluginJar : add tracer_emb
2023-10-29 23:57:34,831 [INFO] IPUIPlugin:74 - create IPUIPlugin
2023-10-29 23:57:34,832 [INFO] PluginManager:213 - loadIPPluginJar : add ts
2023-10-29 23:57:34,832 [INFO] IPUIPlugin:74 - create IPUIPlugin
2023-10-29 23:57:34,832 [INFO] PluginManager:213 - loadIPPluginJar : add tsc
2023-10-29 23:57:34,832 [INFO] IPUIPlugin:74 - create IPUIPlugin
2023-10-29 23:57:34,832 [INFO] PluginManager:213 - loadIPPluginJar : add ucpd
2023-10-29 23:57:34,832 [INFO] IPUIPlugin:74 - create IPUIPlugin
2023-10-29 23:57:34,832 [INFO] PluginManager:213 - loadIPPluginJar : add usart
2023-10-29 23:57:34,837 [INFO] IPUIPlugin:74 - create IPUIPlugin
2023-10-29 23:57:34,837 [INFO] PluginManager:213 - loadIPPluginJar : add usbx
2023-10-29 23:57:35,121 [FATAL] Updater:294 - Updater called before beeing initialized
2023-10-29 23:57:35,216 [FATAL] Updater:294 - Updater called before beeing initialized
2023-10-29 23:57:35,222 [INFO] DbMcusAds:47 - JSON generation date=Tue Mar 07 15:50:55 ICT 2023 (1678179055114)
2023-10-29 23:57:35,222 [FATAL] Updater:294 - Updater called before beeing initialized
2023-10-29 23:57:35,263 [WARN] DetailPanel:314 - Failed to get advertising image, set to default
2023-10-29 23:57:35,359 [FATAL] Updater:294 - Updater called before beeing initialized
2023-10-29 23:57:35,359 [FATAL] Updater:294 - Updater called before beeing initialized
2023-10-29 23:57:35,359 [FATAL] Updater:294 - Updater called before beeing initialized
2023-10-29 23:57:35,359 [WARN] DetailPanel:314 - Failed to get advertising image, set to default
2023-10-29 23:57:35,361 [FATAL] Updater:294 - Updater called before beeing initialized
2023-10-29 23:57:35,441 [ERROR] Updater:1075 - MainUpdater not yet initialized. External WinMGr cannot be set.
2023-10-29 23:57:35,452 [INFO] Updater:1012 - Updater Version found : 6.3.0
2023-10-29 23:57:35,472 [INFO] ApplicationProperties:181 - Using Application install path: C:\ST\STM32CubeIDE_1.7.0\STM32CubeIDE\plugins\com.st.stm32cube.common.mx_6.3.0.202107141111
2023-10-29 23:57:35,731 [INFO] MainUpdater:2671 - connection check result : 10
2023-10-29 23:57:35,731 [INFO] MainUpdater:265 - Updater Check For Update Now.
2023-10-29 23:57:35,731 [INFO] MicroXplorer:478 - Change Database Version : DB.6.0.30
2023-10-29 23:57:35,891 [INFO] CheckServerUpdateThread:112 - End of CheckServer Thread
2023-10-29 23:57:35,965 [INFO] MainUpdater:2671 - connection check result : 10
2023-10-29 23:57:36,300 [INFO] McuFinderGlobals:52 - Set McuFinderConnectedMode to false
2023-10-29 23:57:36,382 [INFO] CrossSelectorPresenter:1330 - Cross Selector saved comparison directory: C:\Users\DELL\.stmcufinder\plugins\mcufinder\mcu\cs_comparisons_mx
2023-10-29 23:57:36,395 [INFO] MultiScanPanel:197 - Auto-refresh data requested => check proxy status ongoing
2023-10-29 23:57:36,395 [INFO] MultiScanPanel:201 - Proxy status is invalid
2023-10-29 23:57:36,395 [INFO] FinderPluginLoader:87 - Searching for filters in installed packs
2023-10-29 23:57:36,401 [INFO] DbMcusXml:100 - Load MCU database from C:\ST\STM32CubeIDE_1.7.0\STM32CubeIDE\plugins\com.st.stm32cube.common.mx_6.3.0.202107141111\\db\/mcu/families.xml
2023-10-29 23:57:37,181 [INFO] DbMcusJson:93 - JSON generation date=Tue Nov 16 23:17:54 ICT 2021 (1637079474)
2023-10-29 23:57:37,346 [ERROR] Engine:463 - C:\Users\DELL\.stm32cubemx\thirdparties\pdsc\STMicroelectronics.X-CUBE-SMBUS.2.1.0.pdsc: PDSC version is not supported
2023-10-29 23:57:37,402 [WARN] PackLoader:238 - Cannot read IP mode file for STMicroelectronics.X-CUBE-AZRTOS-F7.1.1.0
2023-10-29 23:57:37,411 [ERROR] Engine:463 - C:\Users\DELL\.stm32cubemx\thirdparties\pdsc\STMicroelectronics.FP-SNS-MOTENV1.4.3.2.pdsc: PDSC version is not supported
2023-10-29 23:57:37,432 [WARN] PackLoader:238 - Cannot read IP mode file for STMicroelectronics.X-CUBE-BLE1.6.2.3
2023-10-29 23:57:37,432 [ERROR] Engine:463 - C:\Users\DELL\.stm32cubemx\thirdparties\pdsc\STMicroelectronics.FP-SNS-FLIGHT1.5.0.2.pdsc: PDSC version is not supported
2023-10-29 23:57:37,440 [ERROR] Engine:463 - C:\Users\DELL\.stm32cubemx\thirdparties\pdsc\STMicroelectronics.X-CUBE-DISPLAY.3.0.0.pdsc: PDSC version is not supported
2023-10-29 23:57:37,441 [WARN] PackLoader:238 - Cannot read IP mode file for STMicroelectronics.X-CUBE-BLE1.7.0.0
2023-10-29 23:57:37,452 [WARN] PackLoader:238 - Cannot read IP mode file for STMicroelectronics.X-CUBE-TOUCHGFX.4.22.0
2023-10-29 23:57:37,452 [WARN] PackLoader:238 - Cannot read IP mode file for STMicroelectronics.X-CUBE-TOUCHGFX.4.22.1
2023-10-29 23:57:37,522 [WARN] PackLoader:238 - Cannot read IP mode file for STMicroelectronics.X-CUBE-MEMS1.9.3.0
2023-10-29 23:57:37,821 [WARN] PackLoader:238 - Cannot read IP mode file for STMicroelectronics.X-CUBE-AI.7.2.0
2023-10-29 23:57:37,821 [ERROR] Engine:463 - C:\Users\DELL\.stm32cubemx\thirdparties\pdsc\STMicroelectronics.FP-SNS-SMARTAG2.1.2.0.pdsc: PDSC version is not supported
2023-10-29 23:57:37,831 [INFO] LogOutputStream:76 - [STDOUT_REDIRECT] 1 : Invalid condition id : UX_CORESTACK_Condition cause : null
2023-10-29 23:57:37,837 [INFO] LogOutputStream:76 - [STDOUT_REDIRECT] 1 : Invalid condition id : UX_CORESTACK_Condition cause : null
2023-10-29 23:57:37,837 [INFO] LogOutputStream:76 - [STDOUT_REDIRECT] 1 : Invalid condition id : UX_CORESTACK_Condition cause : null
2023-10-29 23:57:37,837 [INFO] LogOutputStream:76 - [STDOUT_REDIRECT] 1 : Invalid condition id : UX_CORESTACK_Condition cause : null
2023-10-29 23:57:37,837 [INFO] LogOutputStream:76 - [STDOUT_REDIRECT] 1 : Invalid condition id : UX_CORESTACK_Condition cause : null
2023-10-29 23:57:37,841 [WARN] PackLoader:238 - Cannot read IP mode file for STMicroelectronics.X-CUBE-AZRTOS-WL.2.0.0
2023-10-29 23:57:37,841 [WARN] PackLoader:238 - Cannot read IP mode file for WES.I-CUBE-Cesium.1.3.0
2023-10-29 23:57:37,853 [WARN] PackLoader:238 - Cannot read IP mode file for STMicroelectronics.X-CUBE-BLE2.3.3.0
2023-10-29 23:57:37,853 [WARN] PackLoader:238 - Cannot read IP mode file for STMicroelectronics.X-CUBE-DISPLAY.2.2.0
2023-10-29 23:57:37,871 [WARN] PackLoader:238 - Cannot read IP mode file for STMicroelectronics.X-CUBE-TOF1.3.2.0
2023-10-29 23:57:37,912 [WARN] PackLoader:238 - Cannot read IP mode file for STMicroelectronics.X-CUBE-AZRTOS-H7.2.1.0
2023-10-29 23:57:37,921 [WARN] PackLoader:238 - Cannot read IP mode file for STMicroelectronics.X-CUBE-AI.7.3.0
2023-10-29 23:57:37,921 [WARN] PackLoader:238 - Cannot read IP mode file for STMicroelectronics.X-CUBE-ALGOBUILD.1.3.0
2023-10-29 23:57:37,942 [WARN] PackLoader:238 - Cannot read IP mode file for STMicroelectronics.X-CUBE-AZRTOS-G0.1.1.0
2023-10-29 23:57:37,942 [WARN] PackLoader:238 - Cannot read IP mode file for STMicroelectronics.X-CUBE-NFC4.3.0.0
2023-10-29 23:57:37,951 [INFO] DbMcus:175 - Found 1951 MCUs (1903 are supported by CubeMX, 1914 are visible in CubeMX)
2023-10-29 23:57:37,951 [INFO] ApiDb:251 - Load user favorites file C:\Users\DELL/.stm32cubeide/favorites.mcus.txt: 0 item(s)
2023-10-29 23:57:37,951 [INFO] ApiDb:255 - User favorites MCUs=[]
2023-10-29 23:57:37,951 [INFO] DbMcus:187 - Set 0 / 0 favorites MCUs
2023-10-29 23:57:37,987 [WARN] PackLoader:238 - Cannot read IP mode file for SEGGER.I-CUBE-embOS.1.2.1
2023-10-29 23:57:38,032 [WARN] PackLoader:238 - Cannot read IP mode file for STMicroelectronics.FP-ATR-SIGFOX1.3.2.0
2023-10-29 23:57:38,037 [WARN] PackLoader:238 - Cannot read IP mode file for STMicroelectronics.X-CUBE-TOUCHGFX.4.20.0
2023-10-29 23:57:38,067 [WARN] PackLoader:238 - Cannot read IP mode file for SEGGER.I-CUBE-embOS.1.3.1
2023-10-29 23:57:38,141 [WARN] PackLoader:238 - Cannot read IP mode file for STMicroelectronics.X-CUBE-GNSS1.6.0.0
2023-10-29 23:57:38,177 [WARN] PackLoader:238 - Cannot read IP mode file for STMicroelectronics.X-CUBE-AZRTOS-F4.1.1.0
2023-10-29 23:57:38,201 [WARN] PackLoader:238 - Cannot read IP mode file for STMicroelectronics.X-CUBE-BLEMGR.1.2.0
2023-10-29 23:57:38,251 [WARN] PackLoader:238 - Cannot read IP mode file for STMicroelectronics.X-CUBE-AZRTOS-L5.2.0.0
2023-10-29 23:57:38,329 [WARN] PackLoader:238 - Cannot read IP mode file for STMicroelectronics.X-CUBE-MEMS1.9.6.0
2023-10-29 23:57:38,504 [WARN] PackLoader:238 - Cannot read IP mode file for STMicroelectronics.X-CUBE-EEPRMA1.4.2.0
2023-10-29 23:57:38,512 [ERROR] Engine:463 - C:\Users\DELL\.stm32cubemx\thirdparties\pdsc\ITTIA_DB.I-CUBE-ITTIADB.8.8.0.pdsc: PDSC version is not supported
2023-10-29 23:57:38,512 [WARN] PackLoader:238 - Cannot read IP mode file for emotas.I-CUBE-CANOPEN.1.1.3
2023-10-29 23:57:38,521 [WARN] PackLoader:238 - Cannot read IP mode file for STMicroelectronics.X-CUBE-BLEMGR.2.0.0
2023-10-29 23:57:38,526 [WARN] PackLoader:238 - Cannot read IP mode file for STMicroelectronics.X-CUBE-NFC4.2.0.4
2023-10-29 23:57:38,541 [INFO] DetailPanel:309 - Set advertising image to C:/Users/DELL/STM32Cube/Repository/\en.prom-stm32h5-mcu-finder.jpg
2023-10-29 23:57:38,541 [WARN] ConditionMgr:437 - getConditionDescription Invalid condition id : UX DEVICE CLASS RTOS Condition cause : null
2023-10-29 23:57:38,541 [WARN] ConditionMgr:437 - getConditionDescription Invalid condition id : UX DEVICE CLASS RTOS Condition cause : null
2023-10-29 23:57:38,541 [WARN] PackLoader:238 - Cannot read IP mode file for STMicroelectronics.X-CUBE-AZRTOS-H7.3.1.0
2023-10-29 23:57:38,541 [WARN] ConditionMgr:1038 - genDependencies : Invalid condition id : UX DEVICE CLASS RTOS Condition cause : null
2023-10-29 23:57:38,541 [WARN] ConditionMgr:1038 - genDependencies : Invalid condition id : UX DEVICE CLASS RTOS Condition cause : null
2023-10-29 23:57:38,541 [WARN] ConditionMgr:1038 - genDependencies : Invalid condition id : UX DEVICE CLASS RTOS Condition cause : null
2023-10-29 23:57:38,541 [WARN] ConditionMgr:1038 - genDependencies : Invalid condition id : UX DEVICE CLASS RTOS Condition cause : null
2023-10-29 23:57:38,541 [WARN] ConditionMgr:1038 - genDependencies : Invalid condition id : UX DEVICE CLASS RTOS Condition cause : null
2023-10-29 23:57:38,553 [WARN] PackLoader:238 - Cannot read IP mode file for wolfSSL.I-CUBE-wolfSSL.5.5.3
2023-10-29 23:57:38,553 [WARN] PackLoader:238 - Cannot read IP mode file for STMicroelectronics.X-CUBE-NFC7.1.0.1
2023-10-29 23:57:38,561 [WARN] PackLoader:238 - Cannot read IP mode file for STMicroelectronics.X-CUBE-NFC7.1.0.0
2023-10-29 23:57:38,568 [WARN] PackLoader:238 - Cannot read IP mode file for STMicroelectronics.X-CUBE-NFC6.3.0.0
2023-10-29 23:57:38,572 [WARN] PackLoader:238 - Cannot read IP mode file for STMicroelectronics.X-CUBE-EEPRMA1.4.1.0
2023-10-29 23:57:38,578 [WARN] PackLoader:238 - Cannot read IP mode file for STMicroelectronics.X-CUBE-AI.8.1.0
2023-10-29 23:57:38,616 [WARN] ConditionMgr:437 - getConditionDescription Invalid condition id : LAN8742 Phy interface Condition cause : null
2023-10-29 23:57:38,616 [WARN] PackLoader:238 - Cannot read IP mode file for STMicroelectronics.X-CUBE-AZRTOS-L4.2.0.0
2023-10-29 23:57:38,621 [WARN] ConditionMgr:1038 - genDependencies : Invalid condition id : LAN8742 Phy interface Condition cause : null
2023-10-29 23:57:38,621 [WARN] ConditionMgr:1038 - genDependencies : Invalid condition id : LAN8742 Phy interface Condition cause : null
2023-10-29 23:57:38,621 [WARN] ConditionMgr:1038 - genDependencies : Invalid condition id : LAN8742 Phy interface Condition cause : null
2023-10-29 23:57:38,632 [WARN] PackLoader:238 - Cannot read IP mode file for STMicroelectronics.X-CUBE-SFXS2LP1.4.0.0
2023-10-29 23:57:38,647 [WARN] PackLoader:238 - Cannot read IP mode file for STMicroelectronics.X-CUBE-ISPU.1.1.0
2023-10-29 23:57:38,662 [WARN] PackLoader:238 - Cannot read IP mode file for RoweBots.I-CUBE-UNISONRTOS.5.5.0-4
2023-10-29 23:57:38,681 [WARN] ConditionMgr:437 - getConditionDescription Invalid condition id : UX DEVICE CLASS RTOS Condition cause : null
2023-10-29 23:57:38,681 [WARN] ConditionMgr:437 - getConditionDescription Invalid condition id : UX DEVICE CLASS RTOS Condition cause : null
2023-10-29 23:57:38,691 [WARN] PackLoader:238 - Cannot read IP mode file for STMicroelectronics.X-CUBE-AZRTOS-WB.2.0.0
2023-10-29 23:57:38,695 [WARN] ConditionMgr:1038 - genDependencies : Invalid condition id : UX DEVICE CLASS RTOS Condition cause : null
2023-10-29 23:57:38,695 [WARN] ConditionMgr:1038 - genDependencies : Invalid condition id : UX DEVICE CLASS RTOS Condition cause : null
2023-10-29 23:57:38,695 [WARN] ConditionMgr:1038 - genDependencies : Invalid condition id : UX DEVICE CLASS RTOS Condition cause : null
2023-10-29 23:57:38,695 [WARN] ConditionMgr:1038 - genDependencies : Invalid condition id : UX DEVICE CLASS RTOS Condition cause : null
2023-10-29 23:57:38,695 [WARN] ConditionMgr:1038 - genDependencies : Invalid condition id : UX DEVICE CLASS RTOS Condition cause : null
2023-10-29 23:57:38,712 [WARN] PackLoader:238 - Cannot read IP mode file for STMicroelectronics.X-CUBE-SUBG2.5.0.0
2023-10-29 23:57:38,741 [ERROR] Engine:463 - C:\Users\DELL\.stm32cubemx\thirdparties\pdsc\STMicroelectronics.X-CUBE-TOF1.3.3.1.pdsc: PDSC version is not supported
2023-10-29 23:57:38,772 [WARN] PackLoader:238 - Cannot read IP mode file for STMicroelectronics.X-CUBE-AZRTOS-G4.2.0.0
2023-10-29 23:57:38,776 [WARN] PackLoader:238 - Cannot read IP mode file for STMicroelectronics.FP-ATR-ASTRA1.1.1.1
2023-10-29 23:57:38,781 [ERROR] Engine:463 - C:\Users\DELL\.stm32cubemx\thirdparties\pdsc\Infineon.AIROC-Wi-Fi-Bluetooth-STM32.1.5.1.pdsc: PDSC version is not supported
2023-10-29 23:57:38,792 [WARN] PackLoader:238 - Cannot read IP mode file for STMicroelectronics.X-CUBE-AZRTOS-G4.1.0.0
2023-10-29 23:57:38,808 [WARN] PackLoader:238 - Cannot read IP mode file for STMicroelectronics.X-CUBE-AZRTOS-L4.1.0.0
2023-10-29 23:57:38,867 [WARN] PackLoader:238 - Cannot read IP mode file for STMicroelectronics.X-CUBE-MEMS1.10.0.0
2023-10-29 23:57:38,971 [INFO] DbBoardsPdsc:90 - Found 25 items
2023-10-29 23:57:38,978 [INFO] DbBoardsPdsc:90 - Found 9 items
2023-10-29 23:57:38,981 [INFO] DbBoardsPdsc:90 - Found 33 items
2023-10-29 23:57:38,981 [INFO] DbBoardsPdsc:90 - Found 1 items
2023-10-29 23:57:38,986 [INFO] DbBoardsPdsc:90 - Found 48 items
2023-10-29 23:57:38,986 [ERROR] Engine:463 - C:\Users\DELL\.stm32cubemx\thirdparties\pdsc\STMicroelectronics.X-CUBE-FREERTOS.1.1.0.pdsc: PDSC version is not supported
2023-10-29 23:57:38,991 [INFO] DbBoardsPdsc:90 - Found 43 items
2023-10-29 23:57:38,991 [INFO] DbBoardsPdsc:90 - Found 2 items
2023-10-29 23:57:38,997 [INFO] DbBoardsPdsc:90 - Found 5 items
2023-10-29 23:57:39,002 [WARN] DbBoardsPdsc:254 - Board STM32H7B3I-DK: unknown feature type=Audio, name=, username=Audio stereo codec with Headphone Amp (CS42L51-CNZ), n=1
2023-10-29 23:57:39,002 [WARN] DbBoardsPdsc:254 - Board STM32H735G-DK: unknown feature type=Audio, name=, username=Audio stereo codec with Headphone Amp (WM8994ECS/R), n=1
2023-10-29 23:57:39,002 [WARN] DbBoardsPdsc:254 - Board STM32H7B3I-EVAL: unknown feature type=Audio, name=, username=Multi-Channel Audio Codec (CS42L51-CNZ), n=1
2023-10-29 23:57:39,002 [WARN] DbBoardsPdsc:254 - Board STM32H7B3I-EVAL: unknown feature type=Meter, name=, username=Power-metering and Temperature-monitoring with sigma-delta modulators, n=1
2023-10-29 23:57:39,002 [WARN] DbBoardsPdsc:254 - Board STM32H7B3I-EVAL: unknown feature type=Motor, name=, username=Motor Control, n=1
2023-10-29 23:57:39,002 [WARN] DbBoardsPdsc:254 - Board STM32U575I-EV: unknown feature type=joystick, name=, username=4-direction joystick with selection button, n=1
2023-10-29 23:57:39,002 [WARN] PackLoader:238 - Cannot read IP mode file for STMicroelectronics.X-CUBE-AZRTOS-WL.1.0.0
2023-10-29 23:57:39,021 [WARN] PackLoader:238 - Cannot read IP mode file for portGmbH.I-Cube-SoM-uGOAL.1.1.0
2023-10-29 23:57:39,042 [INFO] DbBoardsJson:86 - JSON generation date=Tue Nov 16 23:17:54 ICT 2021 (1637079474)
2023-10-29 23:57:39,045 [INFO] DbBoards:117 - Found 167 boards (163 are supported by CubeMX)
2023-10-29 23:57:39,051 [WARN] PackLoader:238 - Cannot read IP mode file for STMicroelectronics.X-CUBE-AZRTOS-L5.1.0.0
2023-10-29 23:57:39,051 [INFO] DbBoardsDocs:143 - JSON generation date=Tue Nov 16 23:17:54 ICT 2021 (1637079474)
2023-10-29 23:57:39,056 [INFO] DbBoardsDocs:79 - Found 209 boards documents
2023-10-29 23:57:39,056 [WARN] DbBoards:127 - board B-L475E-IOT01A2 has no document id list !
2023-10-29 23:57:39,056 [WARN] DbBoards:127 - board NUCLEO-H743ZI has no document id list !
2023-10-29 23:57:39,056 [WARN] PackLoader:238 - Cannot read IP mode file for STMicroelectronics.X-CUBE-EEPRMA1.3.1.1
2023-10-29 23:57:39,056 [WARN] DbBoards:127 - board NUCLEO-WL55JC2 has no document id list !
2023-10-29 23:57:39,056 [WARN] DbBoards:127 - board P-NUCLEO-WB55-Nucleo has no document id list !
2023-10-29 23:57:39,056 [WARN] DbBoards:127 - board P-NUCLEO-WB55-USBDongle has no document id list !
2023-10-29 23:57:39,056 [WARN] DbBoards:127 - board STEVAL-BFA001V1B has no document id list !
2023-10-29 23:57:39,056 [WARN] DbBoards:127 - board STEVAL-BFA001V2B has no document id list !
2023-10-29 23:57:39,056 [WARN] DbBoards:127 - board STEVAL-IDP005V1 has no document id list !
2023-10-29 23:57:39,056 [WARN] DbBoards:127 - board STEVAL-IDP005V2 has no document id list !
2023-10-29 23:57:39,056 [WARN] DbBoards:127 - board STEVAL-MKSBOX1V1 has no document id list !
2023-10-29 23:57:39,056 [WARN] DbBoards:127 - board STEVAL-STWINKT1 has no document id list !
2023-10-29 23:57:39,056 [WARN] DbBoards:127 - board STEVAL-STWINKT1B has no document id list !
2023-10-29 23:57:39,056 [WARN] DbBoards:127 - board STM32439I-EVAL2 has no document id list !
2023-10-29 23:57:39,056 [WARN] DbBoards:127 - board STM32F401C-DISCO has no document id list !
2023-10-29 23:57:39,056 [WARN] DbBoards:127 - board STM32F769I-DISC1 has no document id list !
2023-10-29 23:57:39,056 [WARN] DbBoards:127 - board STM32G474E-EVAL1 has no document id list !
2023-10-29 23:57:39,056 [WARN] DbBoards:127 - board STM32H743I-EVAL2 has no document id list !
2023-10-29 23:57:39,061 [WARN] DbBoards:127 - board STM32H747I-DISC1 has no document id list !
2023-10-29 23:57:39,061 [WARN] DbBoards:127 - board STM32H753I-EVAL2 has no document id list !
2023-10-29 23:57:39,061 [WARN] DbBoards:127 - board STM32L-DISCOVERY has no document id list !
2023-10-29 23:57:39,061 [WARN] PackLoader:238 - Cannot read IP mode file for STMicroelectronics.FP-ATR-ASTRA1.2.0.0
2023-10-29 23:57:39,061 [INFO] ThirdParty:915 - Integrity check success = true
2023-10-29 23:57:39,061 [INFO] IntegrityCheckThread:94 - exiting critical section [integrity check]
2023-10-29 23:57:39,061 [INFO] IntegrityCheckThread:97 - End integrity checks thread
2023-10-29 23:57:39,181 [ERROR] DbBoards:189 - Image file not found for board B-U585I-IOT02A: C:\ST\STM32CubeIDE_1.7.0\STM32CubeIDE\plugins\com.st.stm32cube.common.mx_6.3.0.202107141111\\db\/plugins/mcufinder/images/boards/B-U585I-IOT02A_small.jpg
2023-10-29 23:57:39,271 [ERROR] DbBoards:189 - Image file not found for board NUCLEO-F413ZH: C:\ST\STM32CubeIDE_1.7.0\STM32CubeIDE\plugins\com.st.stm32cube.common.mx_6.3.0.202107141111\\db\/plugins/mcufinder/images/boards/nucleo-f413zh_small.jpg
2023-10-29 23:57:39,426 [ERROR] DbBoards:189 - Image file not found for board NUCLEO-L552ZE-Q: C:\ST\STM32CubeIDE_1.7.0\STM32CubeIDE\plugins\com.st.stm32cube.common.mx_6.3.0.202107141111\\db\/plugins/mcufinder/images/boards/nucleo_l552ze_q_small.jpg
2023-10-29 23:57:39,426 [ERROR] DbBoards:189 - Image file not found for board NUCLEO-U575ZI-Q: C:\ST\STM32CubeIDE_1.7.0\STM32CubeIDE\plugins\com.st.stm32cube.common.mx_6.3.0.202107141111\\db\/plugins/mcufinder/images/boards/nucleo-u575zi-q_small.jpg
2023-10-29 23:57:39,426 [ERROR] DbBoards:189 - Image file not found for board NUCLEO-WB15CC: C:\ST\STM32CubeIDE_1.7.0\STM32CubeIDE\plugins\com.st.stm32cube.common.mx_6.3.0.202107141111\\db\/plugins/mcufinder/images/boards/nucleo-wb15cc_small.jpg
2023-10-29 23:57:39,426 [ERROR] DbBoards:189 - Image file not found for board NUCLEO-WB55RG: C:\ST\STM32CubeIDE_1.7.0\STM32CubeIDE\plugins\com.st.stm32cube.common.mx_6.3.0.202107141111\\db\/plugins/mcufinder/images/boards/nucleo-wb55rg_small.jpg
2023-10-29 23:57:40,421 [INFO] ApiDb:251 - Load user favorites file C:\Users\DELL/.stm32cubeide/favorites.boards.txt: 0 item(s)
2023-10-29 23:57:40,421 [INFO] ApiDb:255 - User favorites Boards=[]
2023-10-29 23:57:40,421 [INFO] DbBoards:206 - Set 0 / 0 favorites Boards
2023-10-29 23:57:50,766 [INFO] DbMcusDocs:143 - JSON generation date=Tue Nov 16 23:17:54 ICT 2021 (1637079474)
2023-10-29 23:57:51,042 [INFO] DbMcusDocs:79 - Found 682 MCUs documents
2023-10-29 23:58:08,532 [INFO] MainUpdater:2671 - connection check result : 10
2023-10-29 23:58:08,532 [INFO] MainUpdater:2671 - connection check result : 10
2023-10-29 23:58:08,561 [INFO] MicroXplorer:448 - Change Database Path : 
2023-10-29 23:58:08,561 [INFO] MicroXplorer:478 - Change Database Version : DB.6.0.30
2023-10-29 23:58:08,561 [WARN] ThirdParty:813 - waiting for thirdparty lock release [close project]
2023-10-29 23:58:08,561 [INFO] ThirdParty:815 - entering critical section [close project]
2023-10-29 23:58:08,563 [INFO] ThirdParty:825 - exiting critical section [close project]
2023-10-29 23:58:08,563 [INFO] PinOutPanel:1463 - setPackage(No Configuration,No Configuration)
2023-10-29 23:58:08,563 [INFO] UtilMem:74 - Begin LoadConfig() Used Memory: 766157992 Bytes (786432000)
2023-10-29 23:58:08,563 [INFO] MicroXplorer:448 - Change Database Path : 
2023-10-29 23:58:08,563 [INFO] MicroXplorer:478 - Change Database Version : DB.6.0.30
2023-10-29 23:58:08,563 [INFO] OpenFileManager:313 - Change cursor
2023-10-29 23:58:09,092 [INFO] Context:592 - Trying to add GPIOservice into a context  which must be forbidden
2023-10-29 23:58:09,227 [INFO] ImportTextPane:167 - (OptionalMessage_ERROR) Unable to find key (Mcu.ThirdPartyNb) in loaded IOC file
2023-10-29 23:58:09,227 [INFO] ImportTextPane:167 - (OptionalMessage_ERROR) Unable to find key (Mcu.PinsNb) in loaded IOC file
2023-10-29 23:58:09,227 [INFO] ImportTextPane:167 - (OptionalMessage_ERROR) Unable to find key (Mcu.IPNb) in loaded IOC file
2023-10-29 23:58:09,252 [WARN] ApiManager:304 - Cannot register API 'Board Extension:GNSS1A1' from pack STMicroelectronics.X-CUBE-GNSS1.6.0.0: no header file found
2023-10-29 23:58:09,252 [WARN] ApiManager:304 - Cannot register API 'Board Support:Custom' from pack STMicroelectronics.X-CUBE-GNSS1.6.0.0: no header file found
2023-10-29 23:58:09,252 [WARN] ApiManager:304 - Cannot register API 'Data Exchange:lib_gnss' from pack STMicroelectronics.X-CUBE-GNSS1.6.0.0: no header file found
2023-10-29 23:58:09,392 [WARN] ApiManager:304 - Cannot register API 'Board Extension:IKS01A3' from pack STMicroelectronics.X-CUBE-MEMS1.9.6.0: no header file found
2023-10-29 23:58:09,392 [WARN] ApiManager:304 - Cannot register API 'Board Extension:IKS01A2' from pack STMicroelectronics.X-CUBE-MEMS1.9.6.0: no header file found
2023-10-29 23:58:09,392 [WARN] ApiManager:304 - Cannot register API 'Board Extension:IKS02A1' from pack STMicroelectronics.X-CUBE-MEMS1.9.6.0: no header file found
2023-10-29 23:58:09,392 [WARN] ApiManager:304 - Cannot register API 'Board Extension:EEPRMA2' from pack STMicroelectronics.X-CUBE-EEPRMA1.4.2.0: no header file found
2023-10-29 23:58:09,392 [WARN] ApiManager:304 - Cannot register API 'Board Extension:PGEEZ1' from pack STMicroelectronics.X-CUBE-EEPRMA1.4.2.0: no header file found
2023-10-29 23:58:09,392 [WARN] ApiManager:304 - Cannot register API 'Board Part:M24' from pack STMicroelectronics.X-CUBE-EEPRMA1.4.2.0: no header file found
2023-10-29 23:58:09,392 [WARN] ApiManager:304 - Cannot register API 'Board Part:M95' from pack STMicroelectronics.X-CUBE-EEPRMA1.4.2.0: no header file found
2023-10-29 23:58:09,392 [WARN] ApiManager:304 - Cannot register API 'Board Part:M95P32' from pack STMicroelectronics.X-CUBE-EEPRMA1.4.2.0: no header file found
2023-10-29 23:58:09,392 [WARN] ApiManager:304 - Cannot register API 'PGEEZ1:SPI' from pack STMicroelectronics.X-CUBE-EEPRMA1.4.2.0: no header file found
2023-10-29 23:58:09,392 [WARN] ApiManager:304 - Cannot register API 'PGEEZ1:QDSPI' from pack STMicroelectronics.X-CUBE-EEPRMA1.4.2.0: no header file found
2023-10-29 23:58:09,392 [WARN] ApiManager:304 - Cannot register API 'Wireless:BlueNRG-MS' from pack STMicroelectronics.X-CUBE-BLE1.6.2.3: no header file found
2023-10-29 23:58:09,392 [INFO] RtosManager:484 - Registered RTOS mode: class=CMSIS, group=RTOS, mode=CMSIS_V1, owner=FREERTOS
2023-10-29 23:58:09,392 [INFO] RtosManager:484 - Registered RTOS mode: class=CMSIS, group=RTOS2, mode=CMSIS_V2, owner=FREERTOS
2023-10-29 23:58:09,392 [INFO] RtosManager:484 - Registered RTOS mode: class=RTOS, group=Core, mode=CMSIS_V1, owner=FREERTOS
2023-10-29 23:58:09,392 [INFO] RtosManager:484 - Registered RTOS mode: class=RTOS, group=Core, mode=CMSIS_V2, owner=FREERTOS
2023-10-29 23:58:09,392 [WARN] ModelIntegratedComponent:181 - Missing modes for component STMicroelectronics:FreeRTOS:0.0.1:STMicroelectronics:RTOS:FreeRTOS:Core:::10.2.0:
2023-10-29 23:58:09,402 [WARN] ApiManager:304 - Cannot register API 'Board Extension:NFC04A1' from pack STMicroelectronics.X-CUBE-NFC4.3.0.0: no header file found
2023-10-29 23:58:09,402 [WARN] ApiManager:304 - Cannot register API 'Board Extension:S2868A1' from pack STMicroelectronics.X-CUBE-SUBG2.5.0.0: no header file found
2023-10-29 23:58:09,402 [WARN] ApiManager:304 - Cannot register API 'Board Extension:S2868A2' from pack STMicroelectronics.X-CUBE-SUBG2.5.0.0: no header file found
2023-10-29 23:58:09,402 [WARN] ApiManager:304 - Cannot register API 'Board Extension:S2915A1' from pack STMicroelectronics.X-CUBE-SUBG2.5.0.0: no header file found
2023-10-29 23:58:09,406 [WARN] ApiManager:304 - Cannot register API 'Board Extension:NFC04A1' from pack STMicroelectronics.X-CUBE-NFC4.2.0.4: no header file found
2023-10-29 23:58:09,406 [WARN] ApiManager:304 - Cannot register API 'Wireless:BlueNRG-MS' from pack STMicroelectronics.X-CUBE-BLE1.7.0.0: no header file found
2023-10-29 23:58:09,412 [WARN] ModelIntegratedComponent:60 - No mode defined for component null
2023-10-29 23:58:09,412 [WARN] ModelIntegratedComponent:60 - No mode defined for component null
2023-10-29 23:58:09,412 [WARN] ModelIntegratedComponent:60 - No mode defined for component null
2023-10-29 23:58:09,412 [WARN] ModelIntegratedComponent:60 - No mode defined for component null
2023-10-29 23:58:09,412 [WARN] ModelIntegratedComponent:60 - No mode defined for component null
2023-10-29 23:58:09,412 [WARN] ModelIntegratedComponent:60 - No mode defined for component null
2023-10-29 23:58:09,412 [WARN] ModelIntegratedComponent:60 - No mode defined for component null
2023-10-29 23:58:09,412 [WARN] ModelIntegratedComponent:60 - No mode defined for component null
2023-10-29 23:58:09,412 [WARN] ModelIntegratedComponent:60 - No mode defined for component null
2023-10-29 23:58:09,412 [WARN] ModelIntegratedComponent:60 - No mode defined for component null
2023-10-29 23:58:09,412 [WARN] ModelIntegratedComponent:60 - No mode defined for component null
2023-10-29 23:58:09,412 [WARN] ModelIntegratedComponent:60 - No mode defined for component null
2023-10-29 23:58:09,412 [WARN] ModelIntegratedComponent:60 - No mode defined for component null
2023-10-29 23:58:09,412 [WARN] ModelIntegratedComponent:60 - No mode defined for component null
2023-10-29 23:58:09,412 [WARN] ModelIntegratedComponent:60 - No mode defined for component null
2023-10-29 23:58:09,412 [WARN] ModelIntegratedComponent:60 - No mode defined for component null
2023-10-29 23:58:09,412 [WARN] ModelIntegratedComponent:60 - No mode defined for component null
2023-10-29 23:58:09,412 [WARN] ModelIntegratedComponent:60 - No mode defined for component null
2023-10-29 23:58:09,412 [WARN] ModelIntegratedComponent:60 - No mode defined for component null
2023-10-29 23:58:09,412 [WARN] ModelIntegratedComponent:60 - No mode defined for component null
2023-10-29 23:58:09,412 [WARN] ModelIntegratedComponent:60 - No mode defined for component null
2023-10-29 23:58:09,412 [WARN] ModelIntegratedComponent:60 - No mode defined for component null
2023-10-29 23:58:09,412 [WARN] ModelIntegratedComponent:60 - No mode defined for component null
2023-10-29 23:58:09,412 [WARN] ModelIntegratedComponent:60 - No mode defined for component null
2023-10-29 23:58:09,412 [WARN] ModelIntegratedComponent:60 - No mode defined for component null
2023-10-29 23:58:09,412 [WARN] ModelIntegratedComponent:60 - No mode defined for component null
2023-10-29 23:58:09,412 [WARN] ModelIntegratedComponent:60 - No mode defined for component null
2023-10-29 23:58:09,412 [WARN] ModelIntegratedComponent:60 - No mode defined for component null
2023-10-29 23:58:09,412 [WARN] ModelIntegratedComponent:60 - No mode defined for component null
2023-10-29 23:58:09,412 [WARN] ModelIntegratedComponent:60 - No mode defined for component null
2023-10-29 23:58:09,412 [WARN] ModelIntegratedComponent:60 - No mode defined for component null
2023-10-29 23:58:09,521 [WARN] ApiManager:304 - Cannot register API 'Board Extension:IKS01A3' from pack STMicroelectronics.X-CUBE-MEMS1.10.0.0: no header file found
2023-10-29 23:58:09,522 [WARN] ApiManager:304 - Cannot register API 'Board Extension:IKS02A1' from pack STMicroelectronics.X-CUBE-MEMS1.10.0.0: no header file found
2023-10-29 23:58:09,522 [WARN] ApiManager:304 - Cannot register API 'Board Extension:IKS4A1' from pack STMicroelectronics.X-CUBE-MEMS1.10.0.0: no header file found
2023-10-29 23:58:09,522 [WARN] ApiManager:304 - Cannot register API 'Board Extension:NFC07A1' from pack STMicroelectronics.X-CUBE-NFC7.1.0.1: no header file found
2023-10-29 23:58:09,527 [WARN] ApiManager:304 - Cannot register API 'Board Extension:NFC07A1' from pack STMicroelectronics.X-CUBE-NFC7.1.0.0: no header file found
2023-10-29 23:58:09,527 [WARN] ApiManager:304 - Cannot register API 'Board Extension:NFC06A1' from pack STMicroelectronics.X-CUBE-NFC6.3.0.0: no header file found
2023-10-29 23:58:09,527 [WARN] ApiManager:304 - Cannot register API 'Board Extension:NFC08A1' from pack STMicroelectronics.X-CUBE-NFC6.3.0.0: no header file found
2023-10-29 23:58:09,652 [WARN] ApiManager:304 - Cannot register API 'Board Extension:IKS01A3' from pack STMicroelectronics.X-CUBE-MEMS1.9.3.0: no header file found
2023-10-29 23:58:09,652 [WARN] ApiManager:304 - Cannot register API 'Board Extension:IKS01A2' from pack STMicroelectronics.X-CUBE-MEMS1.9.3.0: no header file found
2023-10-29 23:58:09,652 [WARN] ApiManager:304 - Cannot register API 'Board Extension:IKS02A1' from pack STMicroelectronics.X-CUBE-MEMS1.9.3.0: no header file found
2023-10-29 23:58:09,657 [WARN] ApiManager:304 - Cannot register API 'Board Extension:EEPRMA1' from pack STMicroelectronics.X-CUBE-EEPRMA1.4.1.0: no header file found
2023-10-29 23:58:09,657 [WARN] ApiManager:304 - Cannot register API 'Board Extension:EEPRMA2' from pack STMicroelectronics.X-CUBE-EEPRMA1.4.1.0: no header file found
2023-10-29 23:58:09,657 [WARN] ApiManager:304 - Cannot register API 'Board Extension:PGEEZ1' from pack STMicroelectronics.X-CUBE-EEPRMA1.4.1.0: no header file found
2023-10-29 23:58:09,657 [WARN] ApiManager:304 - Cannot register API 'Board Part:M24' from pack STMicroelectronics.X-CUBE-EEPRMA1.4.1.0: no header file found
2023-10-29 23:58:09,657 [WARN] ApiManager:304 - Cannot register API 'Board Part:M95' from pack STMicroelectronics.X-CUBE-EEPRMA1.4.1.0: no header file found
2023-10-29 23:58:09,657 [WARN] ApiManager:304 - Cannot register API 'Board Part:M95P32' from pack STMicroelectronics.X-CUBE-EEPRMA1.4.1.0: no header file found
2023-10-29 23:58:09,657 [WARN] ApiManager:304 - Cannot register API 'PGEEZ1:SPI' from pack STMicroelectronics.X-CUBE-EEPRMA1.4.1.0: no header file found
2023-10-29 23:58:09,657 [WARN] ApiManager:304 - Cannot register API 'PGEEZ1:QDSPI' from pack STMicroelectronics.X-CUBE-EEPRMA1.4.1.0: no header file found
2023-10-29 23:58:09,661 [WARN] ApiManager:304 - Cannot register API 'Board Extension:EEPRMA1' from pack STMicroelectronics.X-CUBE-EEPRMA1.3.1.1: no header file found
2023-10-29 23:58:09,661 [WARN] ApiManager:304 - Cannot register API 'Board Extension:EEPRMA2' from pack STMicroelectronics.X-CUBE-EEPRMA1.3.1.1: no header file found
2023-10-29 23:58:09,661 [WARN] ApiManager:304 - Cannot register API 'Board Extension:S2868A1' from pack STMicroelectronics.X-CUBE-SFXS2LP1.4.0.0: no header file found
2023-10-29 23:58:09,661 [WARN] ApiManager:304 - Cannot register API 'Board Extension:S2868A2' from pack STMicroelectronics.X-CUBE-SFXS2LP1.4.0.0: no header file found
2023-10-29 23:58:09,661 [WARN] ApiManager:304 - Cannot register API 'Board Extension:S2915A1' from pack STMicroelectronics.X-CUBE-SFXS2LP1.4.0.0: no header file found
2023-10-29 23:58:09,661 [WARN] ApiManager:304 - Cannot register API 'Wireless:BlueNRG-2' from pack STMicroelectronics.X-CUBE-BLE2.3.3.0: no header file found
2023-10-29 23:58:15,482 [INFO] UtilMem:74 - End LoadConfig() Used Memory: 624159232 Bytes (803209216)
2023-10-29 23:58:15,482 [WARN] ThirdParty:779 - waiting for thirdparty lock release [change project]
2023-10-29 23:58:15,482 [INFO] ThirdParty:781 - entering critical section [change project]
2023-10-29 23:58:15,482 [INFO] ThirdParty:967 - CMSIS Pack Vendor :STMicroelectronics X-CUBE-ISPU 1.1.0
2023-10-29 23:58:15,482 [INFO] ThirdParty:967 - CMSIS Pack Vendor :RoweBots I-CUBE-UNISONRTOS 5.5.0-4
2023-10-29 23:58:15,482 [INFO] ThirdParty:967 - CMSIS Pack Vendor :STMicroelectronics X-CUBE-GNSS1 6.0.0
2023-10-29 23:58:15,482 [INFO] ThirdParty:967 - CMSIS Pack Vendor :STMicroelectronics X-CUBE-AZRTOS-H7 2.1.0
2023-10-29 23:58:15,482 [INFO] ThirdParty:967 - CMSIS Pack Vendor :STMicroelectronics USB_HOST 2.0.0
2023-10-29 23:58:15,482 [INFO] ThirdParty:967 - CMSIS Pack Vendor :STMicroelectronics X-CUBE-AZRTOS-F4 1.1.0
2023-10-29 23:58:15,482 [INFO] ThirdParty:967 - CMSIS Pack Vendor :STMicroelectronics USB_DEVICE 3.0.0
2023-10-29 23:58:15,482 [INFO] ThirdParty:967 - CMSIS Pack Vendor :STMicroelectronics X-CUBE-AZRTOS-WB 2.0.0
2023-10-29 23:58:15,482 [INFO] ThirdParty:967 - CMSIS Pack Vendor :STMicroelectronics X-CUBE-BLEMGR 1.2.0
2023-10-29 23:58:15,482 [INFO] ThirdParty:967 - CMSIS Pack Vendor :STMicroelectronics X-CUBE-AZRTOS-F7 1.1.0
2023-10-29 23:58:15,482 [INFO] ThirdParty:967 - CMSIS Pack Vendor :STMicroelectronics X-CUBE-AZRTOS-L5 2.0.0
2023-10-29 23:58:15,482 [INFO] ThirdParty:967 - CMSIS Pack Vendor :STMicroelectronics USB_DEVICE 2.0.0
2023-10-29 23:58:15,482 [INFO] ThirdParty:967 - CMSIS Pack Vendor :STMicroelectronics X-CUBE-AI 7.3.0
2023-10-29 23:58:15,482 [INFO] ThirdParty:967 - CMSIS Pack Vendor :STMicroelectronics X-CUBE-MEMS1 9.6.0
2023-10-29 23:58:15,482 [INFO] ThirdParty:967 - CMSIS Pack Vendor :STMicroelectronics X-CUBE-EEPRMA1 4.2.0
2023-10-29 23:58:15,482 [INFO] ThirdParty:967 - CMSIS Pack Vendor :STMicroelectronics X-CUBE-BLE1 6.2.3
2023-10-29 23:58:15,482 [INFO] ThirdParty:967 - CMSIS Pack Vendor :STMicroelectronics X-CUBE-ALGOBUILD 1.3.0
2023-10-29 23:58:15,482 [INFO] ThirdParty:967 - CMSIS Pack Vendor :STMicroelectronics FreeRTOS 0.0.1
2023-10-29 23:58:15,482 [INFO] ThirdParty:967 - CMSIS Pack Vendor :STMicroelectronics X-CUBE-AZRTOS-G0 1.1.0
2023-10-29 23:58:15,482 [INFO] ThirdParty:967 - CMSIS Pack Vendor :emotas I-CUBE-CANOPEN 1.1.3
2023-10-29 23:58:15,482 [INFO] ThirdParty:967 - CMSIS Pack Vendor :STMicroelectronics X-CUBE-BLEMGR 2.0.0
2023-10-29 23:58:15,482 [INFO] ThirdParty:967 - CMSIS Pack Vendor :STMicroelectronics X-CUBE-NFC4 3.0.0
2023-10-29 23:58:15,482 [INFO] ThirdParty:967 - CMSIS Pack Vendor :STMicroelectronics X-CUBE-SUBG2 5.0.0
2023-10-29 23:58:15,482 [INFO] ThirdParty:967 - CMSIS Pack Vendor :SEGGER I-CUBE-embOS 1.2.1
2023-10-29 23:58:15,482 [INFO] ThirdParty:967 - CMSIS Pack Vendor :STMicroelectronics lwIP 2.0.3
2023-10-29 23:58:15,482 [INFO] ThirdParty:967 - CMSIS Pack Vendor :STMicroelectronics X-CUBE-NFC4 2.0.4
2023-10-29 23:58:15,482 [INFO] ThirdParty:967 - CMSIS Pack Vendor :STMicroelectronics USB_HOST 1.0.0
2023-10-29 23:58:15,482 [INFO] ThirdParty:967 - CMSIS Pack Vendor :STMicroelectronics X-CUBE-AZRTOS-G4 2.0.0
2023-10-29 23:58:15,482 [INFO] ThirdParty:967 - CMSIS Pack Vendor :STMicroelectronics PDM2PCM 3.1.0
2023-10-29 23:58:15,482 [INFO] ThirdParty:967 - CMSIS Pack Vendor :STMicroelectronics X-CUBE-AZRTOS-H7 3.1.0
2023-10-29 23:58:15,482 [INFO] ThirdParty:967 - CMSIS Pack Vendor :STMicroelectronics FP-ATR-ASTRA1 1.1.1
2023-10-29 23:58:15,482 [INFO] ThirdParty:967 - CMSIS Pack Vendor :STMicroelectronics PDM2PCM 3.3.0
2023-10-29 23:58:15,482 [INFO] ThirdParty:967 - CMSIS Pack Vendor :wolfSSL I-CUBE-wolfSSL 5.5.3
2023-10-29 23:58:15,482 [INFO] ThirdParty:967 - CMSIS Pack Vendor :STMicroelectronics X-CUBE-BLE1 7.0.0
2023-10-29 23:58:15,482 [INFO] ThirdParty:967 - CMSIS Pack Vendor :STMicroelectronics FP-ATR-SIGFOX1 3.2.0
2023-10-29 23:58:15,482 [INFO] ThirdParty:967 - CMSIS Pack Vendor :STMicroelectronics X-CUBE-AZRTOS-G4 1.0.0
2023-10-29 23:58:15,482 [INFO] ThirdParty:967 - CMSIS Pack Vendor :STMicroelectronics X-CUBE-AZRTOS-L4 1.0.0
2023-10-29 23:58:15,482 [INFO] ThirdParty:967 - CMSIS Pack Vendor :STMicroelectronics HAL Drivers 0.0.0
2023-10-29 23:58:15,482 [INFO] ThirdParty:967 - CMSIS Pack Vendor :STMicroelectronics MBEDTLS 2.16.2
2023-10-29 23:58:15,482 [INFO] ThirdParty:967 - CMSIS Pack Vendor :STMicroelectronics X-CUBE-TOUCHGFX 4.20.0
2023-10-29 23:58:15,482 [INFO] ThirdParty:967 - CMSIS Pack Vendor :STMicroelectronics X-CUBE-MEMS1 10.0.0
2023-10-29 23:58:15,482 [INFO] ThirdParty:967 - CMSIS Pack Vendor :STMicroelectronics X-CUBE-TOUCHGFX 4.22.0
2023-10-29 23:58:15,482 [INFO] ThirdParty:967 - CMSIS Pack Vendor :STMicroelectronics X-CUBE-NFC7 1.0.1
2023-10-29 23:58:15,482 [INFO] ThirdParty:967 - CMSIS Pack Vendor :STMicroelectronics MBEDTLS 2.14.1
2023-10-29 23:58:15,482 [INFO] ThirdParty:967 - CMSIS Pack Vendor :STMicroelectronics X-CUBE-NFC7 1.0.0
2023-10-29 23:58:15,482 [INFO] ThirdParty:967 - CMSIS Pack Vendor :STMicroelectronics X-CUBE-TOUCHGFX 4.22.1
2023-10-29 23:58:15,482 [INFO] ThirdParty:967 - CMSIS Pack Vendor :STMicroelectronics X-CUBE-AZRTOS-WL 1.0.0
2023-10-29 23:58:15,482 [INFO] ThirdParty:967 - CMSIS Pack Vendor :STMicroelectronics X-CUBE-NFC6 3.0.0
2023-10-29 23:58:15,482 [INFO] ThirdParty:967 - CMSIS Pack Vendor :STMicroelectronics X-CUBE-MEMS1 9.3.0
2023-10-29 23:58:15,482 [INFO] ThirdParty:967 - CMSIS Pack Vendor :STMicroelectronics X-CUBE-EEPRMA1 4.1.0
2023-10-29 23:58:15,482 [INFO] ThirdParty:967 - CMSIS Pack Vendor :portGmbH I-Cube-SoM-uGOAL 1.1.0
2023-10-29 23:58:15,482 [INFO] ThirdParty:967 - CMSIS Pack Vendor :STMicroelectronics X-CUBE-AI 7.2.0
2023-10-29 23:58:15,482 [INFO] ThirdParty:967 - CMSIS Pack Vendor :STMicroelectronics X-CUBE-AZRTOS-WL 2.0.0
2023-10-29 23:58:15,482 [INFO] ThirdParty:967 - CMSIS Pack Vendor :SEGGER I-CUBE-embOS 1.3.1
2023-10-29 23:58:15,482 [INFO] ThirdParty:967 - CMSIS Pack Vendor :STMicroelectronics X-CUBE-AZRTOS-L5 1.0.0
2023-10-29 23:58:15,482 [INFO] ThirdParty:967 - CMSIS Pack Vendor :STMicroelectronics USB_DEVICE 1.0.0
2023-10-29 23:58:15,482 [INFO] ThirdParty:967 - CMSIS Pack Vendor :STMicroelectronics X-CUBE-AI 8.1.0
2023-10-29 23:58:15,482 [INFO] ThirdParty:967 - CMSIS Pack Vendor :STMicroelectronics X-CUBE-EEPRMA1 3.1.1
2023-10-29 23:58:15,482 [INFO] ThirdParty:967 - CMSIS Pack Vendor :STMicroelectronics X-CUBE-AZRTOS-L4 2.0.0
2023-10-29 23:58:15,482 [INFO] ThirdParty:967 - CMSIS Pack Vendor :STMicroelectronics ThreadX 0.0.2
2023-10-29 23:58:15,482 [INFO] ThirdParty:967 - CMSIS Pack Vendor :WES I-CUBE-Cesium 1.3.0
2023-10-29 23:58:15,482 [INFO] ThirdParty:967 - CMSIS Pack Vendor :STMicroelectronics FP-ATR-ASTRA1 2.0.0
2023-10-29 23:58:15,482 [INFO] ThirdParty:967 - CMSIS Pack Vendor :STMicroelectronics lwIP 2.1.2
2023-10-29 23:58:15,482 [INFO] ThirdParty:967 - CMSIS Pack Vendor :STMicroelectronics X-CUBE-SFXS2LP1 4.0.0
2023-10-29 23:58:15,482 [INFO] ThirdParty:967 - CMSIS Pack Vendor :STMicroelectronics X-CUBE-BLE2 3.3.0
2023-10-29 23:58:15,482 [INFO] ThirdParty:967 - CMSIS Pack Vendor :STMicroelectronics X-CUBE-DISPLAY 2.2.0
2023-10-29 23:58:15,482 [INFO] ThirdParty:967 - CMSIS Pack Vendor :STMicroelectronics X-CUBE-TOF1 3.2.0
2023-10-29 23:58:15,482 [INFO] ThirdParty:967 - CMSIS Pack Vendor :STMicroelectronics PDM2PCM 3.2.0
2023-10-29 23:58:15,482 [INFO] ThirdParty:787 - exiting critical section [change project]
2023-10-29 23:58:15,663 [INFO] PinOutPanel:1463 - setPackage(No Configuration,No Configuration)
2023-10-29 23:58:15,663 [INFO] PinOutPanel:1463 - setPackage(STM32F103C6Ux,UFQFPN48)
2023-10-29 23:58:16,001 [INFO] UtilMem:74 - Before build in PCC Used Memory: 458865792 Bytes (803209216)
2023-10-29 23:58:16,461 [INFO] UtilMem:74 - After build in PCC Used Memory: 643941504 Bytes (803209216)
2023-10-29 23:58:16,473 [INFO] IPUIPlugin:74 - create IPUIPlugin
2023-10-29 23:58:16,473 [INFO] IPUIPlugin:74 - create IPUIPlugin
2023-10-29 23:58:16,473 [INFO] IPUIPlugin:74 - create IPUIPlugin
2023-10-29 23:58:16,473 [INFO] IPUIPlugin:74 - create IPUIPlugin
2023-10-29 23:58:16,473 [INFO] IPUIPlugin:74 - create IPUIPlugin
2023-10-29 23:58:16,473 [INFO] IPUIPlugin:74 - create IPUIPlugin
2023-10-29 23:58:16,473 [INFO] IPUIPlugin:74 - create IPUIPlugin
2023-10-29 23:58:16,473 [INFO] IPUIPlugin:74 - create IPUIPlugin
2023-10-29 23:58:16,473 [INFO] IPUIPlugin:74 - create IPUIPlugin
2023-10-29 23:58:16,473 [INFO] IPUIPlugin:74 - create IPUIPlugin
2023-10-29 23:58:16,473 [INFO] IPUIPlugin:74 - create IPUIPlugin
2023-10-29 23:58:16,473 [INFO] IPUIPlugin:74 - create IPUIPlugin
2023-10-29 23:58:16,473 [INFO] IPUIPlugin:74 - create IPUIPlugin
2023-10-29 23:58:16,473 [INFO] IPUIPlugin:74 - create IPUIPlugin
2023-10-29 23:58:16,473 [INFO] IPUIPlugin:74 - create IPUIPlugin
2023-10-29 23:58:16,473 [INFO] IPUIPlugin:74 - create IPUIPlugin
2023-10-29 23:58:16,473 [INFO] IPUIPlugin:74 - create IPUIPlugin
2023-10-29 23:58:16,473 [INFO] IPUIPlugin:74 - create IPUIPlugin
2023-10-29 23:58:16,473 [INFO] IPUIPlugin:74 - create IPUIPlugin
2023-10-29 23:58:16,473 [INFO] IPUIPlugin:74 - create IPUIPlugin
2023-10-29 23:58:16,482 [INFO] IPUIPlugin:74 - create IPUIPlugin
2023-10-29 23:58:16,482 [INFO] IPUIPlugin:74 - create IPUIPlugin
2023-10-29 23:58:16,482 [INFO] IPUIPlugin:74 - create IPUIPlugin
2023-10-29 23:58:16,585 [INFO] OpenFileManager:333 - Restore cursor
2023-10-29 23:58:16,829 [INFO] UtilMem:74 - End SaveConfig() Used Memory: 444639328 Bytes (803209216)
2023-10-29 23:58:16,873 [INFO] UtilMem:74 - End SaveConfig() Used Memory: 457902056 Bytes (803209216)
2023-10-29 23:58:17,114 [INFO] BlockDiagram:2740 - set Specific Code input for plugin: NVIC
2023-10-29 23:58:17,114 [INFO] BlockDiagram:2740 - set Specific Code input for plugin: SYS
2023-10-29 23:58:17,115 [INFO] BlockDiagram:2740 - set Specific Code input for plugin: RCC
2023-10-29 23:58:17,115 [INFO] CodeGenerator:663 - code generatio: config db path: C:\ST\STM32CubeIDE_1.7.0\STM32CubeIDE\plugins\com.st.stm32cube.common.mx_6.3.0.202107141111\\db\
2023-10-29 23:58:17,288 [INFO] CodeEngine:239 - oldGeneratedFile, E:\LAB3\MCU_LAB_3\MXTmpFiles\license.tmp_save
2023-10-29 23:58:17,522 [INFO] CodeEngine:257 - Generated code: E:\LAB3\MCU_LAB_3\MXTmpFiles\license.tmp
2023-10-29 23:58:17,577 [INFO] CodeEngine:239 - oldGeneratedFile, E:\LAB3\MCU_LAB_3\Core\Src\stm32f1xx_it.c_save
2023-10-29 23:58:17,674 [INFO] CodeEngine:257 - Generated code: E:\LAB3\MCU_LAB_3\Core\Src\stm32f1xx_it.c
2023-10-29 23:58:17,675 [INFO] CodeEngine:239 - oldGeneratedFile, E:\LAB3\MCU_LAB_3\Core\Inc\stm32f1xx_it.h_save
2023-10-29 23:58:17,742 [INFO] CodeEngine:257 - Generated code: E:\LAB3\MCU_LAB_3\Core\Inc\stm32f1xx_it.h
2023-10-29 23:58:17,746 [INFO] CodeEngine:239 - oldGeneratedFile, E:\LAB3\MCU_LAB_3\Core\Src\stm32f1xx_hal_msp.c_save
2023-10-29 23:58:17,890 [INFO] CodeEngine:257 - Generated code: E:\LAB3\MCU_LAB_3\Core\Src\stm32f1xx_hal_msp.c
2023-10-29 23:58:17,892 [INFO] CodeEngine:239 - oldGeneratedFile, E:\LAB3\MCU_LAB_3\MXTmpFiles\system.tmp_save
2023-10-29 23:58:17,935 [INFO] CodeEngine:257 - Generated code: E:\LAB3\MCU_LAB_3\MXTmpFiles\system.tmp
2023-10-29 23:58:17,940 [INFO] CodeEngine:239 - oldGeneratedFile, E:\LAB3\MCU_LAB_3\Core\Inc\stm32f1xx_hal_conf.h_save
2023-10-29 23:58:18,023 [INFO] CodeEngine:257 - Generated code: E:\LAB3\MCU_LAB_3\Core\Inc\stm32f1xx_hal_conf.h
2023-10-29 23:58:18,060 [INFO] CodeEngine:239 - oldGeneratedFile, E:\LAB3\MCU_LAB_3\Core\Inc\main.h_save
2023-10-29 23:58:18,133 [INFO] CodeEngine:257 - Generated code: E:\LAB3\MCU_LAB_3\Core\Inc\main.h
2023-10-29 23:58:18,134 [INFO] CodeEngine:239 - oldGeneratedFile, E:\LAB3\MCU_LAB_3\Core\Src\main.c_save
2023-10-29 23:58:18,216 [INFO] CodeEngine:257 - Generated code: E:\LAB3\MCU_LAB_3\Core\Src\main.c
2023-10-29 23:58:19,120 [INFO] ProjectBuilder:2578 - Time for Copy HAL[1] : 54mS.
2023-10-29 23:58:19,127 [INFO] ProjectBuilder:3622 - Project Generator version: 3.14.1
2023-10-29 23:58:19,597 [INFO] ConfigFileManager:1271 - The Die is : DIE412
2023-10-29 23:58:19,607 [INFO] ApiDbMcu:468 - Load IP Config File for FATFS
2023-10-29 23:58:19,627 [INFO] ApiDbMcu:468 - Load IP Config File for FREERTOS
2023-10-29 23:58:19,680 [INFO] ApiDbMcu:468 - Load IP Config File for USB_DEVICE
2023-10-29 23:58:22,452 [INFO] ProjectBuilder:3789 - Time for Generating toolchain IDE Files: 3325mS.
2023-10-29 23:58:22,453 [INFO] ProjectBuilder:2457 - Time for Copy CMSIS : 0mS.
2023-10-29 23:58:22,454 [INFO] ProjectBuilder:2457 - Time for Copy CMSIS : 0mS.
2023-10-29 23:58:22,862 [INFO] McuFinderGlobals:52 - Set McuFinderConnectedMode to true
2023-10-29 23:58:22,864 [INFO] ApiDb:276 - Save user favorites file C:\Users\DELL/.stm32cubeide/favorites.mcus.txt: 0 item(s)
2023-10-29 23:58:22,864 [INFO] ApiDb:280 - User favorites MCUs=[]
